{"uuid":"bd71f1a3-eacc-42ec-86f9-81c2a3c49d31","historyId":"3f837124a83375d1ab2c3d7595b3111f","fullName":"com.spotify.oauth2.tests.PlaylistTests.ShouldNotBeAbleToCreatePlaylistWithoutName","labels":[{"name":"package","value":"com.spotify.oauth2.tests.PlaylistTests"},{"name":"testClass","value":"com.spotify.oauth2.tests.PlaylistTests"},{"name":"testMethod","value":"ShouldNotBeAbleToCreatePlaylistWithoutName"},{"name":"parentSuite","value":"Default suite"},{"name":"suite","value":"Default test"},{"name":"subSuite","value":"com.spotify.oauth2.tests.PlaylistTests"},{"name":"host","value":"LAPTOP-2EUUN60H"},{"name":"thread","value":"22852@LAPTOP-2EUUN60H.main(1)"},{"name":"framework","value":"testng"},{"name":"language","value":"java"},{"name":"story","value":"Create a playlist story"},{"name":"epic","value":"Spotify oauth2.0"},{"name":"feature","value":"Playlist API"}],"links":[],"name":"Should not be able to create a Playlist without Name","status":"failed","statusDetails":{"known":false,"muted":false,"flaky":false,"message":"\r\nExpected: <401>\r\n     but: was <400>","trace":"java.lang.AssertionError: \r\nExpected: <401>\r\n     but: was <400>\r\n\tat org.hamcrest.MatcherAssert.assertThat(MatcherAssert.java:20)\r\n\tat org.hamcrest.MatcherAssert.assertThat(MatcherAssert.java:6)\r\n\tat com.spotify.oauth2.tests.PlaylistTests.assertStatusCode(PlaylistTests.java:129)\r\n\tat com.spotify.oauth2.tests.PlaylistTests.ShouldNotBeAbleToCreatePlaylistWithoutName(PlaylistTests.java:75)\r\n\tat java.base/jdk.internal.reflect.DirectMethodHandleAccessor.invoke(DirectMethodHandleAccessor.java:103)\r\n\tat java.base/java.lang.reflect.Method.invoke(Method.java:580)\r\n\tat org.testng.internal.invokers.MethodInvocationHelper.invokeMethod(MethodInvocationHelper.java:141)\r\n\tat org.testng.internal.invokers.TestInvoker.invokeMethod(TestInvoker.java:686)\r\n\tat org.testng.internal.invokers.TestInvoker.invokeTestMethod(TestInvoker.java:230)\r\n\tat org.testng.internal.invokers.MethodRunner.runInSequence(MethodRunner.java:63)\r\n\tat org.testng.internal.invokers.TestInvoker$MethodInvocationAgent.invoke(TestInvoker.java:992)\r\n\tat org.testng.internal.invokers.TestInvoker.invokeTestMethods(TestInvoker.java:203)\r\n\tat org.testng.internal.invokers.TestMethodWorker.invokeTestMethods(TestMethodWorker.java:154)\r\n\tat org.testng.internal.invokers.TestMethodWorker.run(TestMethodWorker.java:134)\r\n\tat java.base/java.util.ArrayList.forEach(ArrayList.java:1597)\r\n\tat org.testng.TestRunner.privateRun(TestRunner.java:739)\r\n\tat org.testng.TestRunner.run(TestRunner.java:614)\r\n\tat org.testng.SuiteRunner.runTest(SuiteRunner.java:421)\r\n\tat org.testng.SuiteRunner.runSequentially(SuiteRunner.java:413)\r\n\tat org.testng.SuiteRunner.privateRun(SuiteRunner.java:373)\r\n\tat org.testng.SuiteRunner.run(SuiteRunner.java:312)\r\n\tat org.testng.SuiteRunnerWorker.runSuite(SuiteRunnerWorker.java:52)\r\n\tat org.testng.SuiteRunnerWorker.run(SuiteRunnerWorker.java:95)\r\n\tat org.testng.TestNG.runSuitesSequentially(TestNG.java:1274)\r\n\tat org.testng.TestNG.runSuitesLocally(TestNG.java:1208)\r\n\tat org.testng.TestNG.runSuites(TestNG.java:1112)\r\n\tat org.testng.TestNG.run(TestNG.java:1079)\r\n\tat org.testng.remote.AbstractRemoteTestNG.run(AbstractRemoteTestNG.java:115)\r\n\tat org.testng.remote.RemoteTestNG.initAndRun(RemoteTestNG.java:293)\r\n\tat org.testng.remote.RemoteTestNG.main(RemoteTestNG.java:91)\r\n"},"stage":"finished","steps":[{"name":"PlaylistBuilder","status":"passed","stage":"finished","steps":[],"attachments":[],"parameters":[{"name":"name","value":""},{"name":"description","value":"Description  _u_+V_t 6+#&3 d# G4K+&+&2_+ LK&D__#+3  b& P &#+b#"},{"name":"_public","value":"false"}],"start":1730540808990,"stop":1730540808992},{"name":"post","status":"passed","stage":"finished","steps":[],"attachments":[{"name":"Request","source":"bb9a71c5-f734-4243-bdf6-53da9f731a33-attachment.html","type":"text/html"},{"name":"HTTP/1.1 400 Bad Request","source":"fb4fb9c4-2f83-4da0-8d99-c41bbbecacab-attachment.html","type":"text/html"}],"parameters":[{"name":"requestPlaylist","value":"com.spotify.oauth2.pojo.Playlist@20326436"}],"start":1730540808992,"stop":1730540809194},{"name":"assertStatusCode","status":"failed","statusDetails":{"known":false,"muted":false,"flaky":false,"message":"\r\nExpected: <401>\r\n     but: was <400>","trace":"java.lang.AssertionError: \r\nExpected: <401>\r\n     but: was <400>\r\n\tat org.hamcrest.MatcherAssert.assertThat(MatcherAssert.java:20)\r\n\tat org.hamcrest.MatcherAssert.assertThat(MatcherAssert.java:6)\r\n\tat com.spotify.oauth2.tests.PlaylistTests.assertStatusCode(PlaylistTests.java:129)\r\n\tat com.spotify.oauth2.tests.PlaylistTests.ShouldNotBeAbleToCreatePlaylistWithoutName(PlaylistTests.java:75)\r\n\tat java.base/jdk.internal.reflect.DirectMethodHandleAccessor.invoke(DirectMethodHandleAccessor.java:103)\r\n\tat java.base/java.lang.reflect.Method.invoke(Method.java:580)\r\n\tat org.testng.internal.invokers.MethodInvocationHelper.invokeMethod(MethodInvocationHelper.java:141)\r\n\tat org.testng.internal.invokers.TestInvoker.invokeMethod(TestInvoker.java:686)\r\n\tat org.testng.internal.invokers.TestInvoker.invokeTestMethod(TestInvoker.java:230)\r\n\tat org.testng.internal.invokers.MethodRunner.runInSequence(MethodRunner.java:63)\r\n\tat org.testng.internal.invokers.TestInvoker$MethodInvocationAgent.invoke(TestInvoker.java:992)\r\n\tat org.testng.internal.invokers.TestInvoker.invokeTestMethods(TestInvoker.java:203)\r\n\tat org.testng.internal.invokers.TestMethodWorker.invokeTestMethods(TestMethodWorker.java:154)\r\n\tat org.testng.internal.invokers.TestMethodWorker.run(TestMethodWorker.java:134)\r\n\tat java.base/java.util.ArrayList.forEach(ArrayList.java:1597)\r\n\tat org.testng.TestRunner.privateRun(TestRunner.java:739)\r\n\tat org.testng.TestRunner.run(TestRunner.java:614)\r\n\tat org.testng.SuiteRunner.runTest(SuiteRunner.java:421)\r\n\tat org.testng.SuiteRunner.runSequentially(SuiteRunner.java:413)\r\n\tat org.testng.SuiteRunner.privateRun(SuiteRunner.java:373)\r\n\tat org.testng.SuiteRunner.run(SuiteRunner.java:312)\r\n\tat org.testng.SuiteRunnerWorker.runSuite(SuiteRunnerWorker.java:52)\r\n\tat org.testng.SuiteRunnerWorker.run(SuiteRunnerWorker.java:95)\r\n\tat org.testng.TestNG.runSuitesSequentially(TestNG.java:1274)\r\n\tat org.testng.TestNG.runSuitesLocally(TestNG.java:1208)\r\n\tat org.testng.TestNG.runSuites(TestNG.java:1112)\r\n\tat org.testng.TestNG.run(TestNG.java:1079)\r\n\tat org.testng.remote.AbstractRemoteTestNG.run(AbstractRemoteTestNG.java:115)\r\n\tat org.testng.remote.RemoteTestNG.initAndRun(RemoteTestNG.java:293)\r\n\tat org.testng.remote.RemoteTestNG.main(RemoteTestNG.java:91)\r\n"},"stage":"finished","steps":[],"attachments":[],"parameters":[{"name":"actualStatusCode","value":"400"},{"name":"statusCode","value":"CODE_401"}],"start":1730540809195,"stop":1730540809196}],"attachments":[],"parameters":[],"start":1730540808984,"stop":1730540809198}